[
  {
    "timestamp": "2025-07-06 16:31:08",
    "level": "info",
    "message": "Starting CDFox application..."
  },
  {
    "timestamp": "2025-07-06 16:31:09",
    "level": "info",
    "message": "Starting CDFox application..."
  },
  {
    "timestamp": "2025-07-06 16:31:10",
    "level": "info",
    "message": "Starting CDFox application..."
  },
  {
    "timestamp": "2025-07-06 16:31:11",
    "level": "info",
    "message": "Starting CDFox application..."
  },
  {
    "timestamp": "2025-07-06 16:31:13",
    "level": "info",
    "message": "Starting CDFox application..."
  },
  {
    "timestamp": "2025-07-06 16:31:15",
    "level": "info",
    "message": "Starting CDFox application..."
  },
  {
    "timestamp": "2025-07-06 16:31:19",
    "level": "info",
    "message": "Starting CDFox application..."
  },
  {
    "timestamp": "2025-07-06 16:31:26",
    "level": "info",
    "message": "Starting CDFox application..."
  },
  {
    "timestamp": "2025-07-06 16:32:42",
    "level": "info",
    "message": "Starting CDFox application..."
  },
  {
    "timestamp": "2025-07-06 16:32:42",
    "level": "info",
    "message": "Starting DEV Server Process"
  },
  {
    "timestamp": "2025-07-06 16:41:13",
    "level": "fatal",
    "message": "Application crashed/stopped, falling back to OS"
  },
  {
    "timestamp": "2025-07-06 19:23:47",
    "level": "info",
    "message": "Starting CDFox application..."
  },
  {
    "timestamp": "2025-07-06 19:23:48",
    "level": "info",
    "message": "Starting DEV Server Process"
  },
  {
    "timestamp": "2025-07-06 19:26:21",
    "level": "info",
    "message": "Starting CDFox application..."
  },
  {
    "timestamp": "2025-07-06 19:26:21",
    "level": "info",
    "message": "Starting DEV Server Process"
  },
  {
    "timestamp": "2025-07-06 19:29:29",
    "level": "fatal",
    "message": "Application crashed/stopped, falling back to OS"
  },
  {
    "timestamp": "2025-07-07 16:35:04",
    "level": "info",
    "message": "Starting CDFox application..."
  },
  {
    "timestamp": "2025-07-07 16:35:04",
    "level": "info",
    "message": "Starting DEV Server Process"
  },
  {
    "timestamp": "2025-07-07 16:46:15",
    "level": "fatal",
    "message": "Application crashed/stopped, falling back to OS"
  },
  {
    "timestamp": "2025-07-08 17:22:51",
    "level": "info",
    "message": "Starting CDFox application..."
  },
  {
    "timestamp": "2025-07-08 17:22:51",
    "level": "info",
    "message": "Starting DEV Server Process"
  },
  {
    "timestamp": "2025-07-08 17:37:22",
    "level": "fatal",
    "message": "Application crashed/stopped, falling back to OS"
  },
  {
    "timestamp": "2025-07-09 17:41:56",
    "level": "info",
    "message": "Starting CDFox application..."
  },
  {
    "timestamp": "2025-07-09 17:41:56",
    "level": "info",
    "message": "Starting DEV Server Process"
  },
  {
    "timestamp": "2025-07-09 17:52:59",
    "level": "fatal",
    "message": "Application crashed/stopped, falling back to OS"
  },
  {
    "timestamp": "2025-07-09 21:19:00",
    "level": "info",
    "message": "Starting CDFox application..."
  },
  {
    "timestamp": "2025-07-09 21:19:00",
    "level": "info",
    "message": "Starting DEV Server Process"
  },
  {
    "timestamp": "2025-07-10 16:52:02",
    "level": "info",
    "message": "Starting CDFox application..."
  },
  {
    "timestamp": "2025-07-10 16:52:02",
    "level": "info",
    "message": "Starting DEV Server Process"
  },
  {
    "timestamp": "2025-07-10 16:56:08",
    "level": "info",
    "message": "Starting CDFox application..."
  },
  {
    "timestamp": "2025-07-10 16:56:08",
    "level": "info",
    "message": "Starting DEV Server Process"
  },
  {
    "timestamp": "2025-07-11 17:48:04",
    "level": "info",
    "message": "Starting CDFox application..."
  },
  {
    "timestamp": "2025-07-11 17:48:05",
    "level": "info",
    "message": "Starting DEV Server Process"
  },
  {
    "timestamp": "2025-07-11 17:48:54",
    "level": "fatal",
    "message": "Application crashed/stopped, falling back to OS"
  },
  {
    "timestamp": "2025-07-12 07:58:03",
    "level": "info",
    "message": "Starting CDFox application..."
  },
  {
    "timestamp": "2025-07-12 07:58:03",
    "level": "info",
    "message": "Starting DEV Server Process"
  },
  {
    "timestamp": "2025-07-12 08:03:31",
    "level": "fatal",
    "message": "Application crashed/stopped, falling back to OS"
  },
  {
    "timestamp": "2025-07-13 09:29:18",
    "level": "info",
    "message": "Starting CDFox application..."
  },
  {
    "timestamp": "2025-07-13 09:29:18",
    "level": "info",
    "message": "Starting DEV Server Process"
  },
  {
    "timestamp": "2025-07-13 13:56:44",
    "level": "info",
    "message": "Starting CDFox application..."
  },
  {
    "timestamp": "2025-07-13 13:56:44",
    "level": "info",
    "message": "Starting DEV Server Process"
  },
  {
    "timestamp": "2025-07-13 14:09:16",
    "level": "fatal",
    "message": "Application crashed/stopped, falling back to OS"
  }
]
